2021-10-26T11:45:11+00:00 DEBUG 
====Midtrans Plugin Version: 2.32.0====
====Start Log Sel, 26 Okt 2021 11:45:11 +0000====
Array
(
    [transaction_details] => Array
        (
            [order_id] => 51
            [gross_amount] => 7891223
        )

    [customer_details] => Array
        (
            [first_name] => Alfian
            [last_name] => Nugraha
            [email] => manager@mail.com
            [phone] => 0895337617550
            [billing_address] => Array
                (
                    [first_name] => Alfian
                    [last_name] => Nugraha
                    [address] => Hahaha itulah pokoknya
                    [city] => Kab. Tulungagung
                    [postal_code] => 66274
                    [phone] => 0895337617550
                    [country_code] => IDN
                )

            [shipping_address] => Array
                (
                    [first_name] => Alfian
                    [last_name] => Nugraha
                    [address] => Hahaha itulah pokoknya
                    [city] => Kab. Tulungagung
                    [postal_code] => 66274
                    [phone] => 0895337617550
                    [country_code] => IDN
                )

        )

    [item_details] => Array
        (
            [0] => Array
                (
                    [id] => 19
                    [price] => 8249000
                    [quantity] => 1
                    [name] => Canon EOS 1500D Kit EF-S 18-55mm F/3.5-5.6 IS II
                )

            [1] => Array
                (
                    [id] => shippingfee
                    [price] => 54673
                    [quantity] => 1
                    [name] => Shipping Fee
                )

            [2] => Array
                (
                    [id] => totaldiscount
                    [price] => -412450
                    [quantity] => 1
                    [name] => Total Discount
                )

        )

    [credit_card] => Array
        (
            [secure] => 1
        )

    [metadata] => Array
        (
            [x_midtrans_wc_plu] => Array
                (
                    [version] => 2.32.0
                    [wc] => 5.8.0
                    [php] => 7.4.24
                )

        )

)

====End Log Sel, 26 Okt 2021 11:45:11 +0000 (0)====


