2021-11-05T15:21:59+00:00 DEBUG 
====Midtrans Plugin Version: 2.32.0====
====Start Log Jum, 05 Nov 2021 15:21:59 +0000====
Array
(
    [transaction_details] => Array
        (
            [order_id] => 144
            [gross_amount] => 8270145
        )

    [customer_details] => Array
        (
            [first_name] => Alfian
            [last_name] => Nugraha
            [email] => admin@mail.com
            [phone] => 0895337617550
            [billing_address] => Array
                (
                    [first_name] => Alfian
                    [last_name] => Nugraha
                    [address] => Hahaha itulah pokoknya
                    [city] => Kab. Tulungagung
                    [postal_code] => 66274
                    [phone] => 0895337617550
                    [country_code] => IDN
                )

            [shipping_address] => Array
                (
                    [first_name] => Alfian
                    [last_name] => Nugraha
                    [address] => Hahaha itulah pokoknya
                    [city] => Kab. Tulungagung
                    [postal_code] => 66274
                    [phone] => 0895337617550
                    [country_code] => IDN
                )

        )

    [item_details] => Array
        (
            [0] => Array
                (
                    [id] => 19
                    [price] => 8229000
                    [quantity] => 1
                    [name] => Canon EOS 1500D Kit EF-S 18-55mm F/3.5-5.6 IS II
                )

            [1] => Array
                (
                    [id] => taxfee
                    [price] => 41145
                    [quantity] => 1
                    [name] => Tax
                )

        )

    [credit_card] => Array
        (
            [secure] => 1
        )

    [metadata] => Array
        (
            [x_midtrans_wc_plu] => Array
                (
                    [version] => 2.32.0
                    [wc] => 5.8.0
                    [php] => 7.4.24
                )

        )

)

====End Log Jum, 05 Nov 2021 15:21:59 +0000 (0)====


2021-11-05T15:26:49+00:00 DEBUG 
====Midtrans Plugin Version: 2.32.0====
====Start Log Jum, 05 Nov 2021 15:26:49 +0000====
Array
(
    [transaction_details] => Array
        (
            [order_id] => 145
            [gross_amount] => 8278185
        )

    [customer_details] => Array
        (
            [first_name] => Alfian
            [last_name] => Nugraha
            [email] => manager@mail.com
            [phone] => 0895337617550
            [billing_address] => Array
                (
                    [first_name] => Alfian
                    [last_name] => Nugraha
                    [address] => Hahaha itulah pokoknya
                    [city] => Kab. Tulungagung
                    [postal_code] => 66274
                    [phone] => 0895337617550
                    [country_code] => IDN
                )

            [shipping_address] => Array
                (
                    [first_name] => Alfian
                    [last_name] => Nugraha
                    [address] => Hahaha itulah pokoknya
                    [city] => Kab. Tulungagung
                    [postal_code] => 66274
                    [phone] => 0895337617550
                    [country_code] => IDN
                )

        )

    [item_details] => Array
        (
            [0] => Array
                (
                    [id] => 19
                    [price] => 8229000
                    [quantity] => 1
                    [name] => Canon EOS 1500D Kit EF-S 18-55mm F/3.5-5.6 IS II
                )

            [1] => Array
                (
                    [id] => shippingfee
                    [price] => 8000
                    [quantity] => 1
                    [name] => Shipping Fee
                )

            [2] => Array
                (
                    [id] => taxfee
                    [price] => 41185
                    [quantity] => 1
                    [name] => Tax
                )

        )

    [credit_card] => Array
        (
            [secure] => 1
        )

    [metadata] => Array
        (
            [x_midtrans_wc_plu] => Array
                (
                    [version] => 2.32.0
                    [wc] => 5.8.0
                    [php] => 7.4.24
                )

        )

)

====End Log Jum, 05 Nov 2021 15:26:49 +0000 (0)====


